# JRE version: OpenJDK Runtime Environment (11.0.5+10) (build 11.0.5+10-b520.38)
# Java VM: OpenJDK 64-Bit Server VM (11.0.5+10-b520.38, mixed mode, sharing, tiered, compressed oops, g1 gc, windows-amd64)
Heap:
 garbage-first heap   total 131072K, used 19682K [0x0000000081400000, 0x0000000100000000)
  region size 1024K, 5 young (5120K), 5 survivors (5120K)
 Metaspace       used 36242K, capacity 37916K, committed 37936K, reserved 1089536K
  class space    used 4819K, capacity 5504K, committed 5504K, reserved 1048576K
GC Heap History (18 events):
Event: 3.975 GC heap before
{Heap before GC invocations=0 (full 0):
 garbage-first heap   total 131072K, used 13312K [0x0000000081400000, 0x0000000100000000)
  region size 1024K, 14 young (14336K), 0 survivors (0K)
 Metaspace       used 4908K, capacity 5486K, committed 5632K, reserved 1056768K
  class space    used 609K, capacity 754K, committed 768K, reserved 1048576K
}
Event: 3.979 GC heap after
{Heap after GC invocations=1 (full 0):
 garbage-first heap   total 131072K, used 5545K [0x0000000081400000, 0x0000000100000000)
  region size 1024K, 2 young (2048K), 2 survivors (2048K)
 Metaspace       used 4908K, capacity 5486K, committed 5632K, reserved 1056768K
  class space    used 609K, capacity 754K, committed 768K, reserved 1048576K
}
Event: 4.352 GC heap before
{Heap before GC invocations=1 (full 0):
 garbage-first heap   total 131072K, used 12713K [0x0000000081400000, 0x0000000100000000)
  region size 1024K, 9 young (9216K), 2 survivors (2048K)
 Metaspace       used 6604K, capacity 7014K, committed 7168K, reserved 1056768K
  class space    used 838K, capacity 994K, committed 1024K, reserved 1048576K
}
Event: 4.360 GC heap after
{Heap after GC invocations=2 (full 0):
 garbage-first heap   total 131072K, used 6835K [0x0000000081400000, 0x0000000100000000)
  region size 1024K, 1 young (1024K), 1 survivors (1024K)
 Metaspace       used 6604K, capacity 7014K, committed 7168K, reserved 1056768K
  class space    used 838K, capacity 994K, committed 1024K, reserved 1048576K
}
Event: 5.651 GC heap before
{Heap before GC invocations=2 (full 0):
 garbage-first heap   total 131072K, used 27315K [0x0000000081400000, 0x0000000100000000)
  region size 1024K, 22 young (22528K), 1 survivors (1024K)
 Metaspace       used 9333K, capacity 9954K, committed 10240K, reserved 1058816K
  class space    used 1245K, capacity 1474K, committed 1536K, reserved 1048576K
}
Event: 5.656 GC heap after
{Heap after GC invocations=3 (full 0):
 garbage-first heap   total 131072K, used 7890K [0x0000000081400000, 0x0000000100000000)
  region size 1024K, 2 young (2048K), 2 survivors (2048K)
 Metaspace       used 9333K, capacity 9954K, committed 10240K, reserved 1058816K
  class space    used 1245K, capacity 1474K, committed 1536K, reserved 1048576K
}
Event: 6.720 GC heap before
{Heap before GC invocations=3 (full 0):
 garbage-first heap   total 131072K, used 39634K [0x0000000081400000, 0x0000000100000000)
  region size 1024K, 34 young (34816K), 2 survivors (2048K)
 Metaspace       used 15146K, capacity 16002K, committed 16256K, reserved 1062912K
  class space    used 2066K, capacity 2401K, committed 2432K, reserved 1048576K
}
Event: 6.725 GC heap after
{Heap after GC invocations=4 (full 0):
 garbage-first heap   total 131072K, used 9402K [0x0000000081400000, 0x0000000100000000)
  region size 1024K, 4 young (4096K), 4 survivors (4096K)
 Metaspace       used 15146K, capacity 16002K, committed 16256K, reserved 1062912K
  class space    used 2066K, capacity 2401K, committed 2432K, reserved 1048576K
}
Event: 7.817 GC heap before
{Heap before GC invocations=4 (full 0):
 garbage-first heap   total 131072K, used 58554K [0x0000000081400000, 0x0000000100000000)
  region size 1024K, 53 young (54272K), 4 survivors (4096K)
 Metaspace       used 18952K, capacity 20049K, committed 20224K, reserved 1067008K
  class space    used 2570K, capacity 2975K, committed 3072K, reserved 1048576K
}
Event: 7.823 GC heap after
{Heap after GC invocations=5 (full 0):
 garbage-first heap   total 131072K, used 11397K [0x0000000081400000, 0x0000000100000000)
  region size 1024K, 6 young (6144K), 6 survivors (6144K)
 Metaspace       used 18952K, capacity 20049K, committed 20224K, reserved 1067008K
  class space    used 2570K, capacity 2975K, committed 3072K, reserved 1048576K
}
Event: 7.990 GC heap before
{Heap before GC invocations=5 (full 0):
 garbage-first heap   total 131072K, used 23685K [0x0000000081400000, 0x0000000100000000)
  region size 1024K, 19 young (19456K), 6 survivors (6144K)
 Metaspace       used 20109K, capacity 21179K, committed 21296K, reserved 1067008K
  class space    used 2733K, capacity 3159K, committed 3200K, reserved 1048576K
}
Event: 7.997 GC heap after
{Heap after GC invocations=6 (full 0):
 garbage-first heap   total 131072K, used 12066K [0x0000000081400000, 0x0000000100000000)
  region size 1024K, 6 young (6144K), 6 survivors (6144K)
 Metaspace       used 20109K, capacity 21179K, committed 21296K, reserved 1067008K
  class space    used 2733K, capacity 3159K, committed 3200K, reserved 1048576K
}
Event: 8.929 GC heap before
{Heap before GC invocations=7 (full 0):
 garbage-first heap   total 131072K, used 79650K [0x0000000081400000, 0x0000000100000000)
  region size 1024K, 72 young (73728K), 6 survivors (6144K)
 Metaspace       used 29229K, capacity 30589K, committed 30768K, reserved 1075200K
  class space    used 3917K, capacity 4470K, committed 4480K, reserved 1048576K
}
Event: 8.938 GC heap after
{Heap after GC invocations=8 (full 0):
 garbage-first heap   total 131072K, used 15632K [0x0000000081400000, 0x0000000100000000)
  region size 1024K, 8 young (8192K), 8 survivors (8192K)
 Metaspace       used 29229K, capacity 30589K, committed 30768K, reserved 1075200K
  class space    used 3917K, capacity 4470K, committed 4480K, reserved 1048576K
}
Event: 9.485 GC heap before
{Heap before GC invocations=8 (full 0):
 garbage-first heap   total 131072K, used 55568K [0x0000000081400000, 0x0000000100000000)
  region size 1024K, 48 young (49152K), 8 survivors (8192K)
 Metaspace       used 34302K, capacity 35820K, committed 35888K, reserved 1079296K
  class space    used 4570K, capacity 5210K, committed 5248K, reserved 1048576K
}
Event: 9.499 GC heap after
{Heap after GC invocations=9 (full 0):
 garbage-first heap   total 131072K, used 18120K [0x0000000081400000, 0x0000000100000000)
  region size 1024K, 7 young (7168K), 7 survivors (7168K)
 Metaspace       used 34302K, capacity 35820K, committed 35888K, reserved 1079296K
  class space    used 4570K, capacity 5210K, committed 5248K, reserved 1048576K
}
Event: 9.694 GC heap before
{Heap before GC invocations=10 (full 0):
 garbage-first heap   total 131072K, used 35528K [0x0000000081400000, 0x0000000100000000)
  region size 1024K, 25 young (25600K), 7 survivors (7168K)
 Metaspace       used 36242K, capacity 37916K, committed 37936K, reserved 1089536K
  class space    used 4819K, capacity 5504K, committed 5504K, reserved 1048576K
}
Event: 9.702 GC heap after
{Heap after GC invocations=11 (full 0):
 garbage-first heap   total 131072K, used 19682K [0x0000000081400000, 0x0000000100000000)
  region size 1024K, 5 young (5120K), 5 survivors (5120K)
 Metaspace       used 36242K, capacity 37916K, committed 37936K, reserved 1089536K
  class space    used 4819K, capacity 5504K, committed 5504K, reserved 1048576K
}

